\BOOKMARK [1][-]{section.1}{microchips test}{}% 1
\BOOKMARK [2][-]{subsection.1.1}{Problem Description}{section.1}% 2
\BOOKMARK [2][-]{subsection.1.2}{Experiment\(a\)}{section.1}% 3
\BOOKMARK [2][-]{subsection.1.3}{core code: filename: reject\137prop.m}{section.1}% 4
\BOOKMARK [2][-]{subsection.1.4}{Result\(a\) \046 Analysis:}{section.1}% 5
\BOOKMARK [2][-]{subsection.1.5}{Experiment\(b\)}{section.1}% 6
\BOOKMARK [2][-]{subsection.1.6}{core code: filename: solution1.m}{section.1}% 7
\BOOKMARK [2][-]{subsection.1.7}{Result\(b\) \046 Analysis}{section.1}% 8
\BOOKMARK [1][-]{section.2}{number of events in specified intervals}{}% 9
\BOOKMARK [2][-]{subsection.2.1}{Probelm Description}{section.2}% 10
\BOOKMARK [2][-]{subsection.2.2}{Experiment\(a\)}{section.2}% 11
\BOOKMARK [2][-]{subsection.2.3}{Core Code: filename: solution2.m \(part of code\)}{section.2}% 12
\BOOKMARK [2][-]{subsection.2.4}{Experiment\(b\)}{section.2}% 13
\BOOKMARK [2][-]{subsection.2.5}{Core Code :}{section.2}% 14
\BOOKMARK [2][-]{subsection.2.6}{Result \(a\),\(b\) \046 Analysis}{section.2}% 15
\BOOKMARK [1][-]{section.3}{amount of s.t.d uniform sample needed to reach sum of 4}{}% 16
\BOOKMARK [2][-]{subsection.3.1}{Problem Description}{section.3}% 17
\BOOKMARK [2][-]{subsection.3.2}{Experiment}{section.3}% 18
\BOOKMARK [2][-]{subsection.3.3}{Result\(a\)\(b\) \046 Analysis}{section.3}% 19
\BOOKMARK [1][-]{section.4}{Some kind of sequence analysis}{}% 20
\BOOKMARK [2][-]{subsection.4.1}{Problem Description}{section.4}% 21
\BOOKMARK [2][-]{subsection.4.2}{Experiment\(a\):}{section.4}% 22
\BOOKMARK [2][-]{subsection.4.3}{Result\(a\)\046Analysis}{section.4}% 23
\BOOKMARK [2][-]{subsection.4.4}{Experiment\(b\)}{section.4}% 24
\BOOKMARK [2][-]{subsection.4.5}{Result\(b\) \046 Analysis}{section.4}% 25
\BOOKMARK [1][-]{section.5}{Accept-reject method}{}% 26
\BOOKMARK [2][-]{subsection.5.1}{Problem Description}{section.5}% 27
\BOOKMARK [2][-]{subsection.5.2}{Experiment:}{section.5}% 28
\BOOKMARK [2][-]{subsection.5.3}{Result \046 Analysis}{section.5}% 29
